<?xml version="1.0" encoding="UTF-8"?>
  <testsuites tests="9" disabled="0" errors="0" failures="4" time="0.016262">
      <testsuite name="API Acceptance Test Suite" package="/Users/anoopgopalakrishnan/workspace/oss/fern/fern-platform/acceptance-go/specs/api" tests="9" disabled="0" skipped="0" errors="0" failures="4" time="0.016262" timestamp="2025-06-20T10:58:30">
          <properties>
              <property name="SuiteSucceeded" value="false"></property>
              <property name="SuiteHasProgrammaticFocus" value="false"></property>
              <property name="SpecialSuiteFailureReason" value=""></property>
              <property name="SuiteLabels" value="[]"></property>
              <property name="RandomSeed" value="1750442309"></property>
              <property name="RandomizeAllSpecs" value="false"></property>
              <property name="LabelFilter" value=""></property>
              <property name="FocusStrings" value=""></property>
              <property name="SkipStrings" value=""></property>
              <property name="FocusFiles" value=""></property>
              <property name="SkipFiles" value=""></property>
              <property name="FailOnPending" value="false"></property>
              <property name="FailOnEmpty" value="false"></property>
              <property name="FailFast" value="false"></property>
              <property name="FlakeAttempts" value="0"></property>
              <property name="DryRun" value="false"></property>
              <property name="ParallelTotal" value="4"></property>
              <property name="OutputInterceptorMode" value=""></property>
          </properties>
          <testcase name="[BeforeSuite]" classname="API Acceptance Test Suite" status="failed" time="0.014014584">
              <failure message="Expected success, but got an error:&#xA;    &lt;*fmt.wrapError | 0x14000503b40&gt;: &#xA;    failed to create projects: failed to create project fern-platform-api-1750442309: API request failed with status 400: {&#34;error&#34;:&#34;Key: &#39;CreateProjectInput.ProjectID&#39; Error:Field validation for &#39;ProjectID&#39; failed on the &#39;required&#39; tag&#34;}&#xA;    {&#xA;        msg: &#34;failed to create projects: failed to create project fern-platform-api-1750442309: API request failed with status 400: {\&#34;error\&#34;:\&#34;Key: &#39;CreateProjectInput.ProjectID&#39; Error:Field validation for &#39;ProjectID&#39; failed on the &#39;required&#39; tag\&#34;}&#34;,&#xA;        err: &lt;*fmt.wrapError | 0x14000503b20&gt;{&#xA;            msg: &#34;failed to create project fern-platform-api-1750442309: API request failed with status 400: {\&#34;error\&#34;:\&#34;Key: &#39;CreateProjectInput.ProjectID&#39; Error:Field validation for &#39;ProjectID&#39; failed on the &#39;required&#39; tag\&#34;}&#34;,&#xA;            err: &lt;*errors.errorString | 0x14000317520&gt;{&#xA;                s: &#34;API request failed with status 400: {\&#34;error\&#34;:\&#34;Key: &#39;CreateProjectInput.ProjectID&#39; Error:Field validation for &#39;ProjectID&#39; failed on the &#39;required&#39; tag\&#34;}&#34;,&#xA;            },&#xA;        },&#xA;    }" type="failed">[FAILED] Expected success, but got an error:&#xA;    &lt;*fmt.wrapError | 0x14000503b40&gt;: &#xA;    failed to create projects: failed to create project fern-platform-api-1750442309: API request failed with status 400: {&#34;error&#34;:&#34;Key: &#39;CreateProjectInput.ProjectID&#39; Error:Field validation for &#39;ProjectID&#39; failed on the &#39;required&#39; tag&#34;}&#xA;    {&#xA;        msg: &#34;failed to create projects: failed to create project fern-platform-api-1750442309: API request failed with status 400: {\&#34;error\&#34;:\&#34;Key: &#39;CreateProjectInput.ProjectID&#39; Error:Field validation for &#39;ProjectID&#39; failed on the &#39;required&#39; tag\&#34;}&#34;,&#xA;        err: &lt;*fmt.wrapError | 0x14000503b20&gt;{&#xA;            msg: &#34;failed to create project fern-platform-api-1750442309: API request failed with status 400: {\&#34;error\&#34;:\&#34;Key: &#39;CreateProjectInput.ProjectID&#39; Error:Field validation for &#39;ProjectID&#39; failed on the &#39;required&#39; tag\&#34;}&#34;,&#xA;            err: &lt;*errors.errorString | 0x14000317520&gt;{&#xA;                s: &#34;API request failed with status 400: {\&#34;error\&#34;:\&#34;Key: &#39;CreateProjectInput.ProjectID&#39; Error:Field validation for &#39;ProjectID&#39; failed on the &#39;required&#39; tag\&#34;}&#34;,&#xA;            },&#xA;        },&#xA;    }&#xA;In [BeforeSuite] at: /Users/anoopgopalakrishnan/workspace/oss/fern/fern-platform/acceptance-go/specs/api/api_suite_test.go:153 @ 06/20/25 10:58:30.737&#xA;</failure>
              <system-err>&gt; Enter [BeforeSuite] TOP-LEVEL - /Users/anoopgopalakrishnan/workspace/oss/fern/fern-platform/acceptance-go/specs/api/api_suite_test.go:58 @ 06/20/25 10:58:30.723&#xA;STEP: Setting up API acceptance test suite - /Users/anoopgopalakrishnan/workspace/oss/fern/fern-platform/acceptance-go/specs/api/api_suite_test.go:59 @ 06/20/25 10:58:30.723&#xA;STEP: Connecting to existing deployed fern-platform - /Users/anoopgopalakrishnan/workspace/oss/fern/fern-platform/acceptance-go/specs/api/api_suite_test.go:73 @ 06/20/25 10:58:30.723&#xA;STEP: Waiting for existing platform to be responsive - /Users/anoopgopalakrishnan/workspace/oss/fern/fern-platform/acceptance-go/specs/api/api_suite_test.go:89 @ 06/20/25 10:58:30.723&#xA;STEP: Setting up comprehensive test data - /Users/anoopgopalakrishnan/workspace/oss/fern/fern-platform/acceptance-go/specs/api/api_suite_test.go:152 @ 06/20/25 10:58:30.732&#xA;STEP: Setting up test data fixtures - /Users/anoopgopalakrishnan/workspace/oss/fern/fern-platform/acceptance-go/specs/api/api_suite_test.go:153 @ 06/20/25 10:58:30.732&#xA;[FAILED] Expected success, but got an error:&#xA;    &lt;*fmt.wrapError | 0x14000503b40&gt;: &#xA;    failed to create projects: failed to create project fern-platform-api-1750442309: API request failed with status 400: {&#34;error&#34;:&#34;Key: &#39;CreateProjectInput.ProjectID&#39; Error:Field validation for &#39;ProjectID&#39; failed on the &#39;required&#39; tag&#34;}&#xA;    {&#xA;        msg: &#34;failed to create projects: failed to create project fern-platform-api-1750442309: API request failed with status 400: {\&#34;error\&#34;:\&#34;Key: &#39;CreateProjectInput.ProjectID&#39; Error:Field validation for &#39;ProjectID&#39; failed on the &#39;required&#39; tag\&#34;}&#34;,&#xA;        err: &lt;*fmt.wrapError | 0x14000503b20&gt;{&#xA;            msg: &#34;failed to create project fern-platform-api-1750442309: API request failed with status 400: {\&#34;error\&#34;:\&#34;Key: &#39;CreateProjectInput.ProjectID&#39; Error:Field validation for &#39;ProjectID&#39; failed on the &#39;required&#39; tag\&#34;}&#34;,&#xA;            err: &lt;*errors.errorString | 0x14000317520&gt;{&#xA;                s: &#34;API request failed with status 400: {\&#34;error\&#34;:\&#34;Key: &#39;CreateProjectInput.ProjectID&#39; Error:Field validation for &#39;ProjectID&#39; failed on the &#39;required&#39; tag\&#34;}&#34;,&#xA;            },&#xA;        },&#xA;    }&#xA;In [BeforeSuite] at: /Users/anoopgopalakrishnan/workspace/oss/fern/fern-platform/acceptance-go/specs/api/api_suite_test.go:153 @ 06/20/25 10:58:30.737&#xA;&lt; Exit [BeforeSuite] TOP-LEVEL - /Users/anoopgopalakrishnan/workspace/oss/fern/fern-platform/acceptance-go/specs/api/api_suite_test.go:58 @ 06/20/25 10:58:30.737 (14ms)&#xA;</system-err>
          </testcase>
          <testcase name="[AfterSuite]" classname="API Acceptance Test Suite" status="passed" time="0.000106208">
              <system-out>✅ Test data cleanup completed for namespace: fern-api-test-1750442309-1&#xA;</system-out>
              <system-err>&gt; Enter [AfterSuite] TOP-LEVEL - /Users/anoopgopalakrishnan/workspace/oss/fern/fern-platform/acceptance-go/specs/api/api_suite_test.go:158 @ 06/20/25 10:58:30.738&#xA;STEP: Cleaning up API acceptance test suite - /Users/anoopgopalakrishnan/workspace/oss/fern/fern-platform/acceptance-go/specs/api/api_suite_test.go:159 @ 06/20/25 10:58:30.738&#xA;STEP: Cleaning up test data fixtures - /Users/anoopgopalakrishnan/workspace/oss/fern/fern-platform/acceptance-go/specs/api/api_suite_test.go:165 @ 06/20/25 10:58:30.738&#xA;STEP: ✅ API acceptance test suite cleanup complete - /Users/anoopgopalakrishnan/workspace/oss/fern/fern-platform/acceptance-go/specs/api/api_suite_test.go:182 @ 06/20/25 10:58:30.738&#xA;&lt; Exit [AfterSuite] TOP-LEVEL - /Users/anoopgopalakrishnan/workspace/oss/fern/fern-platform/acceptance-go/specs/api/api_suite_test.go:158 @ 06/20/25 10:58:30.738 (0s)&#xA;</system-err>
          </testcase>
          <testcase name="[ReportAfterSuite] Fern Platform Reporter" classname="API Acceptance Test Suite" status="passed" time="0.055916291">
              <system-err>&gt; Enter [ReportAfterSuite] TOP-LEVEL - /Users/anoopgopalakrishnan/workspace/oss/fern/fern-platform/acceptance-go/specs/api/api_suite_test.go:48 @ 06/20/25 10:58:30.791&#xA;&#34;msg&#34;=&#34;Failed to send test report to fern-platform&#34; &#34;error&#34;=&#34;client: Response status code: 404, Response: 404 page not found&#34;&#xA;&lt; Exit [ReportAfterSuite] TOP-LEVEL - /Users/anoopgopalakrishnan/workspace/oss/fern/fern-platform/acceptance-go/specs/api/api_suite_test.go:48 @ 06/20/25 10:58:30.794 (3ms)&#xA;</system-err>
          </testcase>
          <testcase name="[BeforeSuite]" classname="API Acceptance Test Suite" status="failed" time="0.01319925">
              <failure message="Expected success, but got an error:&#xA;    &lt;*fmt.wrapError | 0x14000494d60&gt;: &#xA;    failed to create projects: failed to create project fern-platform-api-1750442309: API request failed with status 400: {&#34;error&#34;:&#34;Key: &#39;CreateProjectInput.ProjectID&#39; Error:Field validation for &#39;ProjectID&#39; failed on the &#39;required&#39; tag&#34;}&#xA;    {&#xA;        msg: &#34;failed to create projects: failed to create project fern-platform-api-1750442309: API request failed with status 400: {\&#34;error\&#34;:\&#34;Key: &#39;CreateProjectInput.ProjectID&#39; Error:Field validation for &#39;ProjectID&#39; failed on the &#39;required&#39; tag\&#34;}&#34;,&#xA;        err: &lt;*fmt.wrapError | 0x14000494d40&gt;{&#xA;            msg: &#34;failed to create project fern-platform-api-1750442309: API request failed with status 400: {\&#34;error\&#34;:\&#34;Key: &#39;CreateProjectInput.ProjectID&#39; Error:Field validation for &#39;ProjectID&#39; failed on the &#39;required&#39; tag\&#34;}&#34;,&#xA;            err: &lt;*errors.errorString | 0x140000507a0&gt;{&#xA;                s: &#34;API request failed with status 400: {\&#34;error\&#34;:\&#34;Key: &#39;CreateProjectInput.ProjectID&#39; Error:Field validation for &#39;ProjectID&#39; failed on the &#39;required&#39; tag\&#34;}&#34;,&#xA;            },&#xA;        },&#xA;    }" type="failed">[FAILED] Expected success, but got an error:&#xA;    &lt;*fmt.wrapError | 0x14000494d60&gt;: &#xA;    failed to create projects: failed to create project fern-platform-api-1750442309: API request failed with status 400: {&#34;error&#34;:&#34;Key: &#39;CreateProjectInput.ProjectID&#39; Error:Field validation for &#39;ProjectID&#39; failed on the &#39;required&#39; tag&#34;}&#xA;    {&#xA;        msg: &#34;failed to create projects: failed to create project fern-platform-api-1750442309: API request failed with status 400: {\&#34;error\&#34;:\&#34;Key: &#39;CreateProjectInput.ProjectID&#39; Error:Field validation for &#39;ProjectID&#39; failed on the &#39;required&#39; tag\&#34;}&#34;,&#xA;        err: &lt;*fmt.wrapError | 0x14000494d40&gt;{&#xA;            msg: &#34;failed to create project fern-platform-api-1750442309: API request failed with status 400: {\&#34;error\&#34;:\&#34;Key: &#39;CreateProjectInput.ProjectID&#39; Error:Field validation for &#39;ProjectID&#39; failed on the &#39;required&#39; tag\&#34;}&#34;,&#xA;            err: &lt;*errors.errorString | 0x140000507a0&gt;{&#xA;                s: &#34;API request failed with status 400: {\&#34;error\&#34;:\&#34;Key: &#39;CreateProjectInput.ProjectID&#39; Error:Field validation for &#39;ProjectID&#39; failed on the &#39;required&#39; tag\&#34;}&#34;,&#xA;            },&#xA;        },&#xA;    }&#xA;In [BeforeSuite] at: /Users/anoopgopalakrishnan/workspace/oss/fern/fern-platform/acceptance-go/specs/api/api_suite_test.go:153 @ 06/20/25 10:58:30.736&#xA;</failure>
              <system-err>&gt; Enter [BeforeSuite] TOP-LEVEL - /Users/anoopgopalakrishnan/workspace/oss/fern/fern-platform/acceptance-go/specs/api/api_suite_test.go:58 @ 06/20/25 10:58:30.723&#xA;STEP: Setting up API acceptance test suite - /Users/anoopgopalakrishnan/workspace/oss/fern/fern-platform/acceptance-go/specs/api/api_suite_test.go:59 @ 06/20/25 10:58:30.723&#xA;STEP: Connecting to existing deployed fern-platform - /Users/anoopgopalakrishnan/workspace/oss/fern/fern-platform/acceptance-go/specs/api/api_suite_test.go:73 @ 06/20/25 10:58:30.723&#xA;STEP: Waiting for existing platform to be responsive - /Users/anoopgopalakrishnan/workspace/oss/fern/fern-platform/acceptance-go/specs/api/api_suite_test.go:89 @ 06/20/25 10:58:30.723&#xA;STEP: Setting up comprehensive test data - /Users/anoopgopalakrishnan/workspace/oss/fern/fern-platform/acceptance-go/specs/api/api_suite_test.go:152 @ 06/20/25 10:58:30.732&#xA;STEP: Setting up test data fixtures - /Users/anoopgopalakrishnan/workspace/oss/fern/fern-platform/acceptance-go/specs/api/api_suite_test.go:153 @ 06/20/25 10:58:30.732&#xA;[FAILED] Expected success, but got an error:&#xA;    &lt;*fmt.wrapError | 0x14000494d60&gt;: &#xA;    failed to create projects: failed to create project fern-platform-api-1750442309: API request failed with status 400: {&#34;error&#34;:&#34;Key: &#39;CreateProjectInput.ProjectID&#39; Error:Field validation for &#39;ProjectID&#39; failed on the &#39;required&#39; tag&#34;}&#xA;    {&#xA;        msg: &#34;failed to create projects: failed to create project fern-platform-api-1750442309: API request failed with status 400: {\&#34;error\&#34;:\&#34;Key: &#39;CreateProjectInput.ProjectID&#39; Error:Field validation for &#39;ProjectID&#39; failed on the &#39;required&#39; tag\&#34;}&#34;,&#xA;        err: &lt;*fmt.wrapError | 0x14000494d40&gt;{&#xA;            msg: &#34;failed to create project fern-platform-api-1750442309: API request failed with status 400: {\&#34;error\&#34;:\&#34;Key: &#39;CreateProjectInput.ProjectID&#39; Error:Field validation for &#39;ProjectID&#39; failed on the &#39;required&#39; tag\&#34;}&#34;,&#xA;            err: &lt;*errors.errorString | 0x140000507a0&gt;{&#xA;                s: &#34;API request failed with status 400: {\&#34;error\&#34;:\&#34;Key: &#39;CreateProjectInput.ProjectID&#39; Error:Field validation for &#39;ProjectID&#39; failed on the &#39;required&#39; tag\&#34;}&#34;,&#xA;            },&#xA;        },&#xA;    }&#xA;In [BeforeSuite] at: /Users/anoopgopalakrishnan/workspace/oss/fern/fern-platform/acceptance-go/specs/api/api_suite_test.go:153 @ 06/20/25 10:58:30.736&#xA;&lt; Exit [BeforeSuite] TOP-LEVEL - /Users/anoopgopalakrishnan/workspace/oss/fern/fern-platform/acceptance-go/specs/api/api_suite_test.go:58 @ 06/20/25 10:58:30.736 (13ms)&#xA;</system-err>
          </testcase>
          <testcase name="[AfterSuite]" classname="API Acceptance Test Suite" status="passed" time="0.000411708">
              <system-out>✅ Test data cleanup completed for namespace: fern-api-test-1750442309-2&#xA;</system-out>
              <system-err>&gt; Enter [AfterSuite] TOP-LEVEL - /Users/anoopgopalakrishnan/workspace/oss/fern/fern-platform/acceptance-go/specs/api/api_suite_test.go:158 @ 06/20/25 10:58:30.737&#xA;STEP: Cleaning up API acceptance test suite - /Users/anoopgopalakrishnan/workspace/oss/fern/fern-platform/acceptance-go/specs/api/api_suite_test.go:159 @ 06/20/25 10:58:30.737&#xA;STEP: Cleaning up test data fixtures - /Users/anoopgopalakrishnan/workspace/oss/fern/fern-platform/acceptance-go/specs/api/api_suite_test.go:165 @ 06/20/25 10:58:30.737&#xA;STEP: ✅ API acceptance test suite cleanup complete - /Users/anoopgopalakrishnan/workspace/oss/fern/fern-platform/acceptance-go/specs/api/api_suite_test.go:182 @ 06/20/25 10:58:30.737&#xA;&lt; Exit [AfterSuite] TOP-LEVEL - /Users/anoopgopalakrishnan/workspace/oss/fern/fern-platform/acceptance-go/specs/api/api_suite_test.go:158 @ 06/20/25 10:58:30.737 (0s)&#xA;</system-err>
          </testcase>
          <testcase name="[BeforeSuite]" classname="API Acceptance Test Suite" status="failed" time="0.013181792">
              <failure message="Expected success, but got an error:&#xA;    &lt;*fmt.wrapError | 0x1400068c440&gt;: &#xA;    failed to create projects: failed to create project fern-platform-api-1750442309: API request failed with status 400: {&#34;error&#34;:&#34;Key: &#39;CreateProjectInput.ProjectID&#39; Error:Field validation for &#39;ProjectID&#39; failed on the &#39;required&#39; tag&#34;}&#xA;    {&#xA;        msg: &#34;failed to create projects: failed to create project fern-platform-api-1750442309: API request failed with status 400: {\&#34;error\&#34;:\&#34;Key: &#39;CreateProjectInput.ProjectID&#39; Error:Field validation for &#39;ProjectID&#39; failed on the &#39;required&#39; tag\&#34;}&#34;,&#xA;        err: &lt;*fmt.wrapError | 0x1400068c420&gt;{&#xA;            msg: &#34;failed to create project fern-platform-api-1750442309: API request failed with status 400: {\&#34;error\&#34;:\&#34;Key: &#39;CreateProjectInput.ProjectID&#39; Error:Field validation for &#39;ProjectID&#39; failed on the &#39;required&#39; tag\&#34;}&#34;,&#xA;            err: &lt;*errors.errorString | 0x14000592370&gt;{&#xA;                s: &#34;API request failed with status 400: {\&#34;error\&#34;:\&#34;Key: &#39;CreateProjectInput.ProjectID&#39; Error:Field validation for &#39;ProjectID&#39; failed on the &#39;required&#39; tag\&#34;}&#34;,&#xA;            },&#xA;        },&#xA;    }" type="failed">[FAILED] Expected success, but got an error:&#xA;    &lt;*fmt.wrapError | 0x1400068c440&gt;: &#xA;    failed to create projects: failed to create project fern-platform-api-1750442309: API request failed with status 400: {&#34;error&#34;:&#34;Key: &#39;CreateProjectInput.ProjectID&#39; Error:Field validation for &#39;ProjectID&#39; failed on the &#39;required&#39; tag&#34;}&#xA;    {&#xA;        msg: &#34;failed to create projects: failed to create project fern-platform-api-1750442309: API request failed with status 400: {\&#34;error\&#34;:\&#34;Key: &#39;CreateProjectInput.ProjectID&#39; Error:Field validation for &#39;ProjectID&#39; failed on the &#39;required&#39; tag\&#34;}&#34;,&#xA;        err: &lt;*fmt.wrapError | 0x1400068c420&gt;{&#xA;            msg: &#34;failed to create project fern-platform-api-1750442309: API request failed with status 400: {\&#34;error\&#34;:\&#34;Key: &#39;CreateProjectInput.ProjectID&#39; Error:Field validation for &#39;ProjectID&#39; failed on the &#39;required&#39; tag\&#34;}&#34;,&#xA;            err: &lt;*errors.errorString | 0x14000592370&gt;{&#xA;                s: &#34;API request failed with status 400: {\&#34;error\&#34;:\&#34;Key: &#39;CreateProjectInput.ProjectID&#39; Error:Field validation for &#39;ProjectID&#39; failed on the &#39;required&#39; tag\&#34;}&#34;,&#xA;            },&#xA;        },&#xA;    }&#xA;In [BeforeSuite] at: /Users/anoopgopalakrishnan/workspace/oss/fern/fern-platform/acceptance-go/specs/api/api_suite_test.go:153 @ 06/20/25 10:58:30.736&#xA;</failure>
              <system-err>&gt; Enter [BeforeSuite] TOP-LEVEL - /Users/anoopgopalakrishnan/workspace/oss/fern/fern-platform/acceptance-go/specs/api/api_suite_test.go:58 @ 06/20/25 10:58:30.723&#xA;STEP: Setting up API acceptance test suite - /Users/anoopgopalakrishnan/workspace/oss/fern/fern-platform/acceptance-go/specs/api/api_suite_test.go:59 @ 06/20/25 10:58:30.723&#xA;STEP: Connecting to existing deployed fern-platform - /Users/anoopgopalakrishnan/workspace/oss/fern/fern-platform/acceptance-go/specs/api/api_suite_test.go:73 @ 06/20/25 10:58:30.723&#xA;STEP: Waiting for existing platform to be responsive - /Users/anoopgopalakrishnan/workspace/oss/fern/fern-platform/acceptance-go/specs/api/api_suite_test.go:89 @ 06/20/25 10:58:30.723&#xA;STEP: Setting up comprehensive test data - /Users/anoopgopalakrishnan/workspace/oss/fern/fern-platform/acceptance-go/specs/api/api_suite_test.go:152 @ 06/20/25 10:58:30.731&#xA;STEP: Setting up test data fixtures - /Users/anoopgopalakrishnan/workspace/oss/fern/fern-platform/acceptance-go/specs/api/api_suite_test.go:153 @ 06/20/25 10:58:30.731&#xA;[FAILED] Expected success, but got an error:&#xA;    &lt;*fmt.wrapError | 0x1400068c440&gt;: &#xA;    failed to create projects: failed to create project fern-platform-api-1750442309: API request failed with status 400: {&#34;error&#34;:&#34;Key: &#39;CreateProjectInput.ProjectID&#39; Error:Field validation for &#39;ProjectID&#39; failed on the &#39;required&#39; tag&#34;}&#xA;    {&#xA;        msg: &#34;failed to create projects: failed to create project fern-platform-api-1750442309: API request failed with status 400: {\&#34;error\&#34;:\&#34;Key: &#39;CreateProjectInput.ProjectID&#39; Error:Field validation for &#39;ProjectID&#39; failed on the &#39;required&#39; tag\&#34;}&#34;,&#xA;        err: &lt;*fmt.wrapError | 0x1400068c420&gt;{&#xA;            msg: &#34;failed to create project fern-platform-api-1750442309: API request failed with status 400: {\&#34;error\&#34;:\&#34;Key: &#39;CreateProjectInput.ProjectID&#39; Error:Field validation for &#39;ProjectID&#39; failed on the &#39;required&#39; tag\&#34;}&#34;,&#xA;            err: &lt;*errors.errorString | 0x14000592370&gt;{&#xA;                s: &#34;API request failed with status 400: {\&#34;error\&#34;:\&#34;Key: &#39;CreateProjectInput.ProjectID&#39; Error:Field validation for &#39;ProjectID&#39; failed on the &#39;required&#39; tag\&#34;}&#34;,&#xA;            },&#xA;        },&#xA;    }&#xA;In [BeforeSuite] at: /Users/anoopgopalakrishnan/workspace/oss/fern/fern-platform/acceptance-go/specs/api/api_suite_test.go:153 @ 06/20/25 10:58:30.736&#xA;&lt; Exit [BeforeSuite] TOP-LEVEL - /Users/anoopgopalakrishnan/workspace/oss/fern/fern-platform/acceptance-go/specs/api/api_suite_test.go:58 @ 06/20/25 10:58:30.736 (13ms)&#xA;</system-err>
          </testcase>
          <testcase name="[AfterSuite]" classname="API Acceptance Test Suite" status="passed" time="0.000476291">
              <system-out>✅ Test data cleanup completed for namespace: fern-api-test-1750442309-4&#xA;</system-out>
              <system-err>&gt; Enter [AfterSuite] TOP-LEVEL - /Users/anoopgopalakrishnan/workspace/oss/fern/fern-platform/acceptance-go/specs/api/api_suite_test.go:158 @ 06/20/25 10:58:30.738&#xA;STEP: Cleaning up API acceptance test suite - /Users/anoopgopalakrishnan/workspace/oss/fern/fern-platform/acceptance-go/specs/api/api_suite_test.go:159 @ 06/20/25 10:58:30.738&#xA;STEP: Cleaning up test data fixtures - /Users/anoopgopalakrishnan/workspace/oss/fern/fern-platform/acceptance-go/specs/api/api_suite_test.go:165 @ 06/20/25 10:58:30.738&#xA;STEP: ✅ API acceptance test suite cleanup complete - /Users/anoopgopalakrishnan/workspace/oss/fern/fern-platform/acceptance-go/specs/api/api_suite_test.go:182 @ 06/20/25 10:58:30.738&#xA;&lt; Exit [AfterSuite] TOP-LEVEL - /Users/anoopgopalakrishnan/workspace/oss/fern/fern-platform/acceptance-go/specs/api/api_suite_test.go:158 @ 06/20/25 10:58:30.738 (0s)&#xA;</system-err>
          </testcase>
          <testcase name="[BeforeSuite]" classname="API Acceptance Test Suite" status="failed" time="0.014143375">
              <failure message="Expected success, but got an error:&#xA;    &lt;*fmt.wrapError | 0x1400012f280&gt;: &#xA;    failed to create projects: failed to create project fern-platform-api-1750442309: API request failed with status 400: {&#34;error&#34;:&#34;Key: &#39;CreateProjectInput.ProjectID&#39; Error:Field validation for &#39;ProjectID&#39; failed on the &#39;required&#39; tag&#34;}&#xA;    {&#xA;        msg: &#34;failed to create projects: failed to create project fern-platform-api-1750442309: API request failed with status 400: {\&#34;error\&#34;:\&#34;Key: &#39;CreateProjectInput.ProjectID&#39; Error:Field validation for &#39;ProjectID&#39; failed on the &#39;required&#39; tag\&#34;}&#34;,&#xA;        err: &lt;*fmt.wrapError | 0x1400012f260&gt;{&#xA;            msg: &#34;failed to create project fern-platform-api-1750442309: API request failed with status 400: {\&#34;error\&#34;:\&#34;Key: &#39;CreateProjectInput.ProjectID&#39; Error:Field validation for &#39;ProjectID&#39; failed on the &#39;required&#39; tag\&#34;}&#34;,&#xA;            err: &lt;*errors.errorString | 0x14000113ad0&gt;{&#xA;                s: &#34;API request failed with status 400: {\&#34;error\&#34;:\&#34;Key: &#39;CreateProjectInput.ProjectID&#39; Error:Field validation for &#39;ProjectID&#39; failed on the &#39;required&#39; tag\&#34;}&#34;,&#xA;            },&#xA;        },&#xA;    }" type="failed">[FAILED] Expected success, but got an error:&#xA;    &lt;*fmt.wrapError | 0x1400012f280&gt;: &#xA;    failed to create projects: failed to create project fern-platform-api-1750442309: API request failed with status 400: {&#34;error&#34;:&#34;Key: &#39;CreateProjectInput.ProjectID&#39; Error:Field validation for &#39;ProjectID&#39; failed on the &#39;required&#39; tag&#34;}&#xA;    {&#xA;        msg: &#34;failed to create projects: failed to create project fern-platform-api-1750442309: API request failed with status 400: {\&#34;error\&#34;:\&#34;Key: &#39;CreateProjectInput.ProjectID&#39; Error:Field validation for &#39;ProjectID&#39; failed on the &#39;required&#39; tag\&#34;}&#34;,&#xA;        err: &lt;*fmt.wrapError | 0x1400012f260&gt;{&#xA;            msg: &#34;failed to create project fern-platform-api-1750442309: API request failed with status 400: {\&#34;error\&#34;:\&#34;Key: &#39;CreateProjectInput.ProjectID&#39; Error:Field validation for &#39;ProjectID&#39; failed on the &#39;required&#39; tag\&#34;}&#34;,&#xA;            err: &lt;*errors.errorString | 0x14000113ad0&gt;{&#xA;                s: &#34;API request failed with status 400: {\&#34;error\&#34;:\&#34;Key: &#39;CreateProjectInput.ProjectID&#39; Error:Field validation for &#39;ProjectID&#39; failed on the &#39;required&#39; tag\&#34;}&#34;,&#xA;            },&#xA;        },&#xA;    }&#xA;In [BeforeSuite] at: /Users/anoopgopalakrishnan/workspace/oss/fern/fern-platform/acceptance-go/specs/api/api_suite_test.go:153 @ 06/20/25 10:58:30.737&#xA;</failure>
              <system-err>&gt; Enter [BeforeSuite] TOP-LEVEL - /Users/anoopgopalakrishnan/workspace/oss/fern/fern-platform/acceptance-go/specs/api/api_suite_test.go:58 @ 06/20/25 10:58:30.723&#xA;STEP: Setting up API acceptance test suite - /Users/anoopgopalakrishnan/workspace/oss/fern/fern-platform/acceptance-go/specs/api/api_suite_test.go:59 @ 06/20/25 10:58:30.723&#xA;STEP: Connecting to existing deployed fern-platform - /Users/anoopgopalakrishnan/workspace/oss/fern/fern-platform/acceptance-go/specs/api/api_suite_test.go:73 @ 06/20/25 10:58:30.723&#xA;STEP: Waiting for existing platform to be responsive - /Users/anoopgopalakrishnan/workspace/oss/fern/fern-platform/acceptance-go/specs/api/api_suite_test.go:89 @ 06/20/25 10:58:30.723&#xA;STEP: Setting up comprehensive test data - /Users/anoopgopalakrishnan/workspace/oss/fern/fern-platform/acceptance-go/specs/api/api_suite_test.go:152 @ 06/20/25 10:58:30.732&#xA;STEP: Setting up test data fixtures - /Users/anoopgopalakrishnan/workspace/oss/fern/fern-platform/acceptance-go/specs/api/api_suite_test.go:153 @ 06/20/25 10:58:30.732&#xA;[FAILED] Expected success, but got an error:&#xA;    &lt;*fmt.wrapError | 0x1400012f280&gt;: &#xA;    failed to create projects: failed to create project fern-platform-api-1750442309: API request failed with status 400: {&#34;error&#34;:&#34;Key: &#39;CreateProjectInput.ProjectID&#39; Error:Field validation for &#39;ProjectID&#39; failed on the &#39;required&#39; tag&#34;}&#xA;    {&#xA;        msg: &#34;failed to create projects: failed to create project fern-platform-api-1750442309: API request failed with status 400: {\&#34;error\&#34;:\&#34;Key: &#39;CreateProjectInput.ProjectID&#39; Error:Field validation for &#39;ProjectID&#39; failed on the &#39;required&#39; tag\&#34;}&#34;,&#xA;        err: &lt;*fmt.wrapError | 0x1400012f260&gt;{&#xA;            msg: &#34;failed to create project fern-platform-api-1750442309: API request failed with status 400: {\&#34;error\&#34;:\&#34;Key: &#39;CreateProjectInput.ProjectID&#39; Error:Field validation for &#39;ProjectID&#39; failed on the &#39;required&#39; tag\&#34;}&#34;,&#xA;            err: &lt;*errors.errorString | 0x14000113ad0&gt;{&#xA;                s: &#34;API request failed with status 400: {\&#34;error\&#34;:\&#34;Key: &#39;CreateProjectInput.ProjectID&#39; Error:Field validation for &#39;ProjectID&#39; failed on the &#39;required&#39; tag\&#34;}&#34;,&#xA;            },&#xA;        },&#xA;    }&#xA;In [BeforeSuite] at: /Users/anoopgopalakrishnan/workspace/oss/fern/fern-platform/acceptance-go/specs/api/api_suite_test.go:153 @ 06/20/25 10:58:30.737&#xA;&lt; Exit [BeforeSuite] TOP-LEVEL - /Users/anoopgopalakrishnan/workspace/oss/fern/fern-platform/acceptance-go/specs/api/api_suite_test.go:58 @ 06/20/25 10:58:30.737 (14ms)&#xA;</system-err>
          </testcase>
          <testcase name="[AfterSuite]" classname="API Acceptance Test Suite" status="passed" time="0.000162708">
              <system-out>✅ Test data cleanup completed for namespace: fern-api-test-1750442309-3&#xA;</system-out>
              <system-err>&gt; Enter [AfterSuite] TOP-LEVEL - /Users/anoopgopalakrishnan/workspace/oss/fern/fern-platform/acceptance-go/specs/api/api_suite_test.go:158 @ 06/20/25 10:58:30.738&#xA;STEP: Cleaning up API acceptance test suite - /Users/anoopgopalakrishnan/workspace/oss/fern/fern-platform/acceptance-go/specs/api/api_suite_test.go:159 @ 06/20/25 10:58:30.738&#xA;STEP: Cleaning up test data fixtures - /Users/anoopgopalakrishnan/workspace/oss/fern/fern-platform/acceptance-go/specs/api/api_suite_test.go:165 @ 06/20/25 10:58:30.738&#xA;STEP: ✅ API acceptance test suite cleanup complete - /Users/anoopgopalakrishnan/workspace/oss/fern/fern-platform/acceptance-go/specs/api/api_suite_test.go:182 @ 06/20/25 10:58:30.738&#xA;&lt; Exit [AfterSuite] TOP-LEVEL - /Users/anoopgopalakrishnan/workspace/oss/fern/fern-platform/acceptance-go/specs/api/api_suite_test.go:158 @ 06/20/25 10:58:30.738 (0s)&#xA;</system-err>
          </testcase>
      </testsuite>
  </testsuites>